<?xml version="1.0" encoding="UTF-8"?>
<testng-results skipped="0" failed="0" ignored="0" total="1" passed="1">
  <reporter-output>
  </reporter-output>
  <suite name="Default suite" duration-ms="32167" started-at="2020-11-16T00:41:57Z" finished-at="2020-11-16T00:42:30Z">
    <groups>
    </groups>
    <test name="Default test" duration-ms="32167" started-at="2020-11-16T00:41:57Z" finished-at="2020-11-16T00:42:30Z">
      <class name="Automation.KeywordFramework.actionsteps">
        <test-method status="PASS" signature="readExcelandexecute()[pri:0, instance:Automation.KeywordFramework.actionsteps@32d992b2]" name="readExcelandexecute" duration-ms="32147" started-at="2020-11-15T18:41:57Z" finished-at="2020-11-15T18:42:30Z">
          <reporter-output>
          </reporter-output>
        </test-method> <!-- readExcelandexecute -->
      </class> <!-- Automation.KeywordFramework.actionsteps -->
    </test> <!-- Default test -->
  </suite> <!-- Default suite -->
</testng-results>
